[debug] [2024-09-26T14:40:47.138Z] ----------------------------------------------------------------------
[debug] [2024-09-26T14:40:47.141Z] Command:       C:\Program Files\nodejs\node.exe C:\Users\pierr\AppData\Roaming\npm\node_modules\firebase-tools\lib\bin\firebase.js init
[debug] [2024-09-26T14:40:47.141Z] CLI Version:   13.19.0
[debug] [2024-09-26T14:40:47.141Z] Platform:      win32
[debug] [2024-09-26T14:40:47.141Z] Node Version:  v20.17.0
[debug] [2024-09-26T14:40:47.141Z] Time:          Thu Sep 26 2024 16:40:47 GMT+0200 (Central European Summer Time)
[debug] [2024-09-26T14:40:47.141Z] ----------------------------------------------------------------------
[debug] 
[debug] [2024-09-26T14:40:47.146Z] > command requires scopes: ["email","openid","https://www.googleapis.com/auth/cloudplatformprojects.readonly","https://www.googleapis.com/auth/firebase","https://www.googleapis.com/auth/cloud-platform"]
[debug] [2024-09-26T14:40:47.147Z] > authorizing via signed-in user (pierrearnaudet1998@gmail.com)
[info] 
     ######## #### ########  ######## ########     ###     ######  ########
     ##        ##  ##     ## ##       ##     ##  ##   ##  ##       ##
     ######    ##  ########  ######   ########  #########  ######  ######
     ##        ##  ##    ##  ##       ##     ## ##     ##       ## ##
     ##       #### ##     ## ######## ########  ##     ##  ######  ########

You're about to initialize a Firebase project in this directory:

  F:\Angular\schreknet-app

[info] 
=== Project Setup
[info] 
[info] First, let's associate this project directory with a Firebase project.
[info] You can create multiple project aliases by running firebase use --add, 
[info] but for now we'll just set up a default project.
[info] 
[debug] [2024-09-26T14:45:58.795Z] >>> [apiv2][query] GET https://firebase.googleapis.com/v1beta1/projects pageSize=100
[debug] [2024-09-26T14:45:59.241Z] <<< [apiv2][status] GET https://firebase.googleapis.com/v1beta1/projects 200
[debug] [2024-09-26T14:45:59.241Z] <<< [apiv2][body] GET https://firebase.googleapis.com/v1beta1/projects [omitted]
[info] i  Using project twitch-api-handler (twitch-api-handler) 
[info] 
=== Firestore Setup
[debug] [2024-09-26T14:46:34.937Z] >>> [apiv2][query] GET https://serviceusage.googleapis.com/v1/projects/twitch-api-handler/services/firestore.googleapis.com [none]
[debug] [2024-09-26T14:46:34.937Z] >>> [apiv2][(partial)header] GET https://serviceusage.googleapis.com/v1/projects/twitch-api-handler/services/firestore.googleapis.com x-goog-quota-user=projects/twitch-api-handler
[debug] [2024-09-26T14:46:35.731Z] <<< [apiv2][status] GET https://serviceusage.googleapis.com/v1/projects/twitch-api-handler/services/firestore.googleapis.com 200
[debug] [2024-09-26T14:46:35.731Z] <<< [apiv2][body] GET https://serviceusage.googleapis.com/v1/projects/twitch-api-handler/services/firestore.googleapis.com [omitted]
[debug] [2024-09-26T14:46:35.732Z] >>> [apiv2][query] GET https://firestore.googleapis.com/v1/projects/twitch-api-handler/databases/(default) [none]
[debug] [2024-09-26T14:46:35.973Z] <<< [apiv2][status] GET https://firestore.googleapis.com/v1/projects/twitch-api-handler/databases/(default) 200
[debug] [2024-09-26T14:46:35.973Z] <<< [apiv2][body] GET https://firestore.googleapis.com/v1/projects/twitch-api-handler/databases/(default) {"name":"projects/twitch-api-handler/databases/(default)","uid":"278078ae-46f2-4699-80af-dadc906eb32d","createTime":"2022-10-14T09:31:03.958136Z","updateTime":"2022-10-14T09:31:03.958136Z","locationId":"eur3","type":"FIRESTORE_NATIVE","concurrencyMode":"PESSIMISTIC","versionRetentionPeriod":"3600s","earliestVersionTime":"2024-09-26T13:46:36.593468Z","appEngineIntegrationMode":"ENABLED","keyPrefix":"e","pointInTimeRecoveryEnablement":"POINT_IN_TIME_RECOVERY_DISABLED","deleteProtectionState":"DELETE_PROTECTION_DISABLED","etag":"IPOs0vHs4IgDMIm6ssrxzoQD"}
[debug] [2024-09-26T14:46:35.973Z] database_type: FIRESTORE_NATIVE
[debug] [2024-09-26T14:46:35.973Z] database_type: FIRESTORE_NATIVE
[debug] [2024-09-26T14:46:35.974Z] > command requires scopes: ["email","openid","https://www.googleapis.com/auth/cloudplatformprojects.readonly","https://www.googleapis.com/auth/firebase","https://www.googleapis.com/auth/cloud-platform"]
[debug] [2024-09-26T14:46:35.974Z] > authorizing via signed-in user (pierrearnaudet1998@gmail.com)
[debug] [2024-09-26T14:46:35.974Z] [iam] checking project twitch-api-handler for permissions ["firebase.projects.get"]
[debug] [2024-09-26T14:46:35.974Z] >>> [apiv2][query] POST https://cloudresourcemanager.googleapis.com/v1/projects/twitch-api-handler:testIamPermissions [none]
[debug] [2024-09-26T14:46:35.975Z] >>> [apiv2][(partial)header] POST https://cloudresourcemanager.googleapis.com/v1/projects/twitch-api-handler:testIamPermissions x-goog-quota-user=projects/twitch-api-handler
[debug] [2024-09-26T14:46:35.975Z] >>> [apiv2][body] POST https://cloudresourcemanager.googleapis.com/v1/projects/twitch-api-handler:testIamPermissions {"permissions":["firebase.projects.get"]}
[debug] [2024-09-26T14:46:36.675Z] <<< [apiv2][status] POST https://cloudresourcemanager.googleapis.com/v1/projects/twitch-api-handler:testIamPermissions 200
[debug] [2024-09-26T14:46:36.676Z] <<< [apiv2][body] POST https://cloudresourcemanager.googleapis.com/v1/projects/twitch-api-handler:testIamPermissions {"permissions":["firebase.projects.get"]}
[info] 
[info] Firestore Security Rules allow you to define how and when to allow
[info] requests. You can keep these rules in your project directory
[info] and publish them with firebase deploy.
[info] 
